1545256151.459033 client started (4424): version 2.8, socket /private/tmp/tmux-501/default, protocol 8
1545256151.459134 on Darwin 18.2.0 Darwin Kernel Version 18.2.0: Fri Oct  5 19:40:55 PDT 2018; root:xnu-4903.221.2~1/RELEASE_X86_64; libevent 2.1.8-stable (select)
1545256151.459214 socket is /private/tmp/tmux-501/default
1545256151.459260 trying connect
1545256151.459448 add peer 0x7fe205801000: 6 (0x0)
1545256151.461893 sending message 100 to peer 0x7fe205801000 (4 bytes)
1545256151.461943 sending message 101 to peer 0x7fe205801000 (16 bytes)
1545256151.461958 sending message 102 to peer 0x7fe205801000 (13 bytes)
1545256151.461970 sending message 108 to peer 0x7fe205801000 (24 bytes)
1545256151.461995 sending message 104 to peer 0x7fe205801000 (0 bytes)
1545256151.462008 sending message 107 to peer 0x7fe205801000 (4 bytes)
1545256151.462020 sending message 105 to peer 0x7fe205801000 (76 bytes)
1545256151.462031 sending message 105 to peer 0x7fe205801000 (20 bytes)
1545256151.462043 sending message 105 to peer 0x7fe205801000 (11 bytes)
1545256151.462055 sending message 105 to peer 0x7fe205801000 (762 bytes)
1545256151.462074 sending message 105 to peer 0x7fe205801000 (55 bytes)
1545256151.462086 sending message 105 to peer 0x7fe205801000 (56 bytes)
1545256151.462098 sending message 105 to peer 0x7fe205801000 (19 bytes)
1545256151.462110 sending message 105 to peer 0x7fe205801000 (17 bytes)
1545256151.462121 sending message 105 to peer 0x7fe205801000 (32 bytes)
1545256151.462133 sending message 105 to peer 0x7fe205801000 (15 bytes)
1545256151.462144 sending message 105 to peer 0x7fe205801000 (52 bytes)
1545256151.462156 sending message 105 to peer 0x7fe205801000 (15 bytes)
1545256151.462167 sending message 105 to peer 0x7fe205801000 (32 bytes)
1545256151.462179 sending message 105 to peer 0x7fe205801000 (21 bytes)
1545256151.462190 sending message 105 to peer 0x7fe205801000 (11 bytes)
1545256151.462202 sending message 105 to peer 0x7fe205801000 (118 bytes)
1545256151.462213 sending message 105 to peer 0x7fe205801000 (10 bytes)
1545256151.462225 sending message 105 to peer 0x7fe205801000 (17 bytes)
1545256151.462237 sending message 105 to peer 0x7fe205801000 (28 bytes)
1545256151.462248 sending message 105 to peer 0x7fe205801000 (25 bytes)
1545256151.462260 sending message 105 to peer 0x7fe205801000 (8 bytes)
1545256151.462271 sending message 105 to peer 0x7fe205801000 (66 bytes)
1545256151.462283 sending message 105 to peer 0x7fe205801000 (21 bytes)
1545256151.462295 sending message 105 to peer 0x7fe205801000 (57 bytes)
1545256151.462306 sending message 105 to peer 0x7fe205801000 (42 bytes)
1545256151.462318 sending message 105 to peer 0x7fe205801000 (13 bytes)
1545256151.462329 sending message 105 to peer 0x7fe205801000 (12 bytes)
1545256151.462341 sending message 105 to peer 0x7fe205801000 (38 bytes)
1545256151.462352 sending message 105 to peer 0x7fe205801000 (41 bytes)
1545256151.462364 sending message 105 to peer 0x7fe205801000 (14 bytes)
1545256151.462379 sending message 105 to peer 0x7fe205801000 (19 bytes)
1545256151.462391 sending message 105 to peer 0x7fe205801000 (34 bytes)
1545256151.462416 sending message 105 to peer 0x7fe205801000 (35 bytes)
1545256151.462427 sending message 105 to peer 0x7fe205801000 (43 bytes)
1545256151.462438 sending message 105 to peer 0x7fe205801000 (48 bytes)
1545256151.462452 sending message 105 to peer 0x7fe205801000 (46 bytes)
1545256151.462463 sending message 105 to peer 0x7fe205801000 (32 bytes)
1545256151.462474 sending message 105 to peer 0x7fe205801000 (49 bytes)
1545256151.462486 sending message 105 to peer 0x7fe205801000 (29 bytes)
1545256151.462497 sending message 105 to peer 0x7fe205801000 (29 bytes)
1545256151.462508 sending message 105 to peer 0x7fe205801000 (21 bytes)
1545256151.462519 sending message 105 to peer 0x7fe205801000 (39 bytes)
1545256151.462530 sending message 105 to peer 0x7fe205801000 (50 bytes)
1545256151.462541 sending message 105 to peer 0x7fe205801000 (21 bytes)
1545256151.462552 sending message 105 to peer 0x7fe205801000 (67 bytes)
1545256151.462563 sending message 105 to peer 0x7fe205801000 (25 bytes)
1545256151.462592 sending message 105 to peer 0x7fe205801000 (38 bytes)
1545256151.462601 sending message 105 to peer 0x7fe205801000 (35 bytes)
1545256151.462609 sending message 105 to peer 0x7fe205801000 (42 bytes)
1545256151.462616 sending message 105 to peer 0x7fe205801000 (21 bytes)
1545256151.462624 sending message 105 to peer 0x7fe205801000 (38 bytes)
1545256151.462632 sending message 105 to peer 0x7fe205801000 (17 bytes)
1545256151.462640 sending message 105 to peer 0x7fe205801000 (30 bytes)
1545256151.462647 sending message 105 to peer 0x7fe205801000 (22 bytes)
1545256151.462655 sending message 106 to peer 0x7fe205801000 (0 bytes)
1545256151.462668 sending message 200 to peer 0x7fe205801000 (4 bytes)
1545256151.462677 client loop enter
1545256151.463002 peer 0x7fe205801000 message 211
1545256151.463021 client_write: sessions should be nested with care, unset $TMUX to force\n
1545256151.463048 peer 0x7fe205801000 message 203
1545256151.463057 client loop exit
